{"C:\\Users\\79132\\Desktop\\Netelogya\\ДЗ\\ajs3\\src\\health.js": {"path":"C:\\Users\\79132\\Desktop\\Netelogya\\ДЗ\\ajs3\\src\\health.js","statementMap":{"0":{"start":{"line":2,"column":4},"end":{"line":8,"column":5}},"1":{"start":{"line":3,"column":6},"end":{"line":3,"column":23}},"2":{"start":{"line":4,"column":11},"end":{"line":8,"column":5}},"3":{"start":{"line":5,"column":6},"end":{"line":5,"column":23}},"4":{"start":{"line":7,"column":6},"end":{"line":7,"column":24}}},"fnMap":{"0":{"name":"getHealthStatus","decl":{"start":{"line":1,"column":16},"end":{"line":1,"column":31}},"loc":{"start":{"line":1,"column":43},"end":{"line":9,"column":3}},"line":1}},"branchMap":{"0":{"loc":{"start":{"line":2,"column":4},"end":{"line":8,"column":5}},"type":"if","locations":[{"start":{"line":2,"column":4},"end":{"line":8,"column":5}},{"start":{"line":4,"column":11},"end":{"line":8,"column":5}}],"line":2},"1":{"loc":{"start":{"line":4,"column":11},"end":{"line":8,"column":5}},"type":"if","locations":[{"start":{"line":4,"column":11},"end":{"line":8,"column":5}},{"start":{"line":6,"column":11},"end":{"line":8,"column":5}}],"line":4}},"s":{"0":3,"1":1,"2":2,"3":1,"4":1},"f":{"0":3},"b":{"0":[1,2],"1":[1,1]},"_coverageSchema":"1a1c01bbd47fc00a2c39e90264f33305004495a9","hash":"430b27b81c3248747cddd6154302ad28eb08d782"}
,"C:\\Users\\79132\\Desktop\\Netelogya\\ДЗ\\ajs3\\src\\http.js": {"path":"C:\\Users\\79132\\Desktop\\Netelogya\\ДЗ\\ajs3\\src\\http.js","statementMap":{"0":{"start":{"line":2,"column":4},"end":{"line":2,"column":34}}},"fnMap":{"0":{"name":"fetchData","decl":{"start":{"line":1,"column":24},"end":{"line":1,"column":33}},"loc":{"start":{"line":1,"column":39},"end":{"line":3,"column":3}},"line":1}},"branchMap":{},"s":{"0":0},"f":{"0":0},"b":{},"_coverageSchema":"1a1c01bbd47fc00a2c39e90264f33305004495a9","hash":"c78cf9a211a6453092d2ef124335054a70d020e9"}
,"C:\\Users\\79132\\Desktop\\Netelogya\\ДЗ\\ajs3\\src\\level.js": {"path":"C:\\Users\\79132\\Desktop\\Netelogya\\ДЗ\\ajs3\\src\\level.js","statementMap":{"0":{"start":{"line":4,"column":2},"end":{"line":12,"column":3}},"1":{"start":{"line":5,"column":21},"end":{"line":5,"column":63}},"2":{"start":{"line":6,"column":4},"end":{"line":8,"column":5}},"3":{"start":{"line":7,"column":6},"end":{"line":7,"column":54}},"4":{"start":{"line":9,"column":4},"end":{"line":9,"column":54}},"5":{"start":{"line":11,"column":4},"end":{"line":11,"column":28}}},"fnMap":{"0":{"name":"getLevel","decl":{"start":{"line":3,"column":16},"end":{"line":3,"column":24}},"loc":{"start":{"line":3,"column":33},"end":{"line":13,"column":1}},"line":3}},"branchMap":{"0":{"loc":{"start":{"line":6,"column":4},"end":{"line":8,"column":5}},"type":"if","locations":[{"start":{"line":6,"column":4},"end":{"line":8,"column":5}},{"start":{},"end":{}}],"line":6}},"s":{"0":3,"1":3,"2":2,"3":1,"4":1,"5":1},"f":{"0":3},"b":{"0":[1,1]},"_coverageSchema":"1a1c01bbd47fc00a2c39e90264f33305004495a9","hash":"147aa672c6e52c8b63a52cac47bd0e5610f5f525"}
,"C:\\Users\\79132\\Desktop\\Netelogya\\ДЗ\\ajs3\\src\\sort.js": {"path":"C:\\Users\\79132\\Desktop\\Netelogya\\ДЗ\\ajs3\\src\\sort.js","statementMap":{"0":{"start":{"line":2,"column":4},"end":{"line":2,"column":54}},"1":{"start":{"line":2,"column":33},"end":{"line":2,"column":52}}},"fnMap":{"0":{"name":"sortHeroesByHealth","decl":{"start":{"line":1,"column":16},"end":{"line":1,"column":34}},"loc":{"start":{"line":1,"column":43},"end":{"line":3,"column":3}},"line":1},"1":{"name":"(anonymous_1)","decl":{"start":{"line":2,"column":23},"end":{"line":2,"column":24}},"loc":{"start":{"line":2,"column":33},"end":{"line":2,"column":52}},"line":2}},"branchMap":{},"s":{"0":1,"1":4},"f":{"0":1,"1":4},"b":{},"_coverageSchema":"1a1c01bbd47fc00a2c39e90264f33305004495a9","hash":"b89c09ec2ddc1c3de3f6a28b01daa81243fae6a1"}
}
