TN:
SF:src\health.js
FN:1,getHealthStatus
FNF:1
FNH:1
FNDA:3,getHealthStatus
DA:2,3
DA:3,1
DA:4,2
DA:5,1
DA:7,1
LF:5
LH:5
BRDA:2,0,0,1
BRDA:2,0,1,2
BRDA:4,1,0,1
BRDA:4,1,1,1
BRF:4
BRH:4
end_of_record
TN:
SF:src\http.js
FN:1,fetchData
FNF:1
FNH:0
FNDA:0,fetchData
DA:2,0
LF:1
LH:0
BRF:0
BRH:0
end_of_record
TN:
SF:src\level.js
FN:3,getLevel
FNF:1
FNH:1
FNDA:3,getLevel
DA:4,3
DA:5,3
DA:6,2
DA:7,1
DA:9,1
DA:11,1
LF:6
LH:6
BRDA:6,0,0,1
BRDA:6,0,1,1
BRF:2
BRH:2
end_of_record
TN:
SF:src\sort.js
FN:1,sortHeroesByHealth
FN:2,(anonymous_1)
FNF:2
FNH:2
FNDA:1,sortHeroesByHealth
FNDA:4,(anonymous_1)
DA:2,4
LF:1
LH:1
BRF:0
BRH:0
end_of_record
